2024-03-07 19:30:24,215 - INFO - Successfully uploaded Hospital Price Transparency Data/OH/MARIETTA/45750/SELBY_GENERAL_HOSPITAL/314413259_selby-general-hospital_standardcharges.json
2024-03-07 19:30:24,309 - INFO - Successfully uploaded Hospital Price Transparency Data/OH/MARIETTA/45750/MARIETTA_MEMORIAL_HOSPITAL/314379509_marietta-memorial-hospital_standardcharges.json
2024-03-07 19:30:24,436 - INFO - Successfully uploaded Hospital Price Transparency Data/OH/CENTERVILLE/45459/MIAMI_VALLEY_HOSPITAL_SOUTH/31-0537504_Miami-Valley-Hospital_StandardCharges.json
2024-03-07 19:30:24,605 - INFO - Successfully uploaded Hospital Price Transparency Data/OH/COLDWATER/45828/MERCER_COUNTY_COMMUNITY_HOSPITAL/34-1101385_mercer-county-joint-township-community-hospital_standardcharges.json
2024-03-07 19:30:24,805 - INFO - Successfully uploaded Hospital Price Transparency Data/OH/LIMA/45804/LIMA_MEMORIAL_HEALTH_SYSTEM/344434676_limamemorialhospital_standardcharges.json
2024-03-07 19:30:24,864 - INFO - Successfully uploaded Hospital Price Transparency Data/OH/LIMA/45801/MERCY_HEALTH_-_ST._RITA'S_MEDICAL_CENTER/341407259_mary-rutan-hospital_standardcharges-2.json
2024-03-07 19:30:24,898 - INFO - Successfully uploaded Hospital Price Transparency Data/OH/LIMA/45801/KINDRED_HOSPITAL_LIMA/752695684_kindred-hospital-lima_standardcharges.json
2024-03-07 19:30:24,913 - INFO - Successfully uploaded Hospital Price Transparency Data/OH/TROY/45373/UPPER_VALLEY_MEDICAL_CENTER/31-0537095_Upper-Valley-Medical-Center_StandardCharges.json
2024-03-07 19:30:24,948 - INFO - Successfully uploaded Hospital Price Transparency Data/OH/TROY/45373/KETTERING_HEALTH_TROY/310621866_kettering-health-troy_standardcharges.json
2024-03-07 19:30:25,538 - INFO - Successfully uploaded Hospital Price Transparency Data/OH/CHARDON/44024/UH_GEAUGA_MEDICAL_CENTER/340816492_uh-geauga-medical-center,-a-campus-of-uh-regional-hospitals_standardcharges.json
2024-03-07 19:30:25,641 - INFO - Successfully uploaded Hospital Price Transparency Data/OH/EAST LIVERPOOL/43920/EAST_LIVERPOOL_CITY_HOSPITAL/340714583_EastLiverpoolCityHospital_standardcharges.json
2024-03-07 19:30:25,736 - INFO - Successfully uploaded Hospital Price Transparency Data/OH/COSHOCTON/43812/COSHOCTON_REGIONAL_MEDICAL_CENTER/320506896_CoshoctonRegionalMedicalCenter_standardcharges.json
2024-03-07 19:30:25,845 - INFO - Successfully uploaded Hospital Price Transparency Data/OH/TOLEDO/43615/PROMEDICA_WILDWOOD_ORTHOPEDICA_AND_SPINE_HOSPITAL/PriceTransparency-Toledo.json
2024-03-07 19:30:26,668 - INFO - Successfully uploaded Hospital Price Transparency Data/OH/CHILLICOTHE/45601/ADENA_REGIONAL_MEDICAL_CENTER/31-4379443_adena-regional-medical-center_standardcharges.json
2024-03-07 19:30:30,153 - INFO - Successfully uploaded Hospital Price Transparency Data/OH/COLUMBUS/43214/RIVERSIDE_METHODIST_HOSPITAL/31-4394942_riverside_standardcharges.json
2024-03-07 19:30:34,489 - INFO - Successfully uploaded Hospital Price Transparency Data/OH/COLUMBUS/43215/GRANT_MEDICAL_CENTER/31-4394942_grant_standardcharges.json
2024-03-07 19:30:35,602 - INFO - Successfully uploaded Hospital Price Transparency Data/OH/COLUMBUS/43228/DOCTORS_HOSPITAL/31-4394942_doctors_standardcharges.json
2024-03-07 19:30:35,635 - INFO - Successfully uploaded Hospital Price Transparency Data/OH/ORRVILLE/44667/AULTMAN_ORRVILLE_HOSPITAL/1891718375_aultman-orrville-hospital_standardcharges.json
2024-03-07 19:30:37,816 - INFO - Successfully uploaded Hospital Price Transparency Data/OH/DUBLIN/43016/DUBLIN_METHODIST_HOSPITAL/31-4394942_dublin_standardcharges.json
2024-03-07 19:30:38,881 - INFO - Successfully uploaded Hospital Price Transparency Data/OH/MANSFIELD/44903/OHIOHEALTH_MANSFIELD_HOSPITAL/34-0714456_mansfield_standardcharges.json
2024-03-07 19:30:38,936 - INFO - Successfully uploaded Hospital Price Transparency Data/OH/HAMILTON/45013/KETTERING_HEALTH_HAMILTON/310536662_kettering-health-hamilton_standardcharges.json
2024-03-07 19:30:39,506 - INFO - Successfully uploaded Hospital Price Transparency Data/OH/BEDFORD/44146/UH_BEDFORD_MEDICAL_CENTER/340816492_uh-geauga-medical-center,-a-campus-of-uh-regional-hospitals_standardcharges.json
2024-03-07 19:30:39,539 - INFO - Successfully uploaded Hospital Price Transparency Data/OH/YOUNGSTOWN/44512/SURGICAL_HOSPITAL_AT_SOUTHWOODS/Price-Transparency-Machine-Readable-03.16.2021-FINAL.json
2024-03-07 19:30:40,469 - INFO - Successfully uploaded Hospital Price Transparency Data/OH/BOWLING GREEN/43402/WOOD_COUNTY_HOSPITAL/344440884_wood-county-hospital_standardcharges.json
2024-03-07 19:30:45,183 - ERROR - Failed to upload Hospital Price Transparency Data/OH/WILLARD/44890/MERCY_WILLARD_HOSPITAL/341577110_Willard_StandardCharges.json. Error: Unknown error
2024-03-07 19:30:45,260 - INFO - Successfully uploaded Hospital Price Transparency Data/OH/ALLIANCE/44601/ALLIANCE_COMMUNITY_HOSPITAL/1942385794_alliance-community-hospital_standardcharges.json
2024-03-07 19:30:45,857 - INFO - Successfully uploaded Hospital Price Transparency Data/OH/BLUFFTON/45817/BLUFFTON_HOSPITAL/344429941_Bluffton-Hospital_Standard-Charges.json
2024-03-07 19:30:46,749 - INFO - Successfully uploaded Hospital Price Transparency Data/OH/MARION/43302/MARION_GENERAL_HOSPITAL/31-1070887_marion_standardcharges.json
2024-03-07 19:30:47,130 - INFO - Successfully uploaded Hospital Price Transparency Data/OH/STEUBENVILLE/43952/TRINITY_MEDICAL_CENTER_EAST/340875691_Trinity-Medical-Center-East_standardcharges.json
2024-03-07 19:30:47,503 - INFO - Successfully uploaded Hospital Price Transparency Data/OH/STEUBENVILLE/43952/TRINITY_MEDICAL_CENTER_WEST/340875691_Trinity-Medical-Center-West_standardcharges.json
2024-03-07 19:30:47,548 - INFO - Successfully uploaded Hospital Price Transparency Data/OH/MIAMISBURG/45342/KETTERING_HEALTH_MIAMISBURG/310621866_kettering-health-miamisburg_standardcharges.json
2024-03-07 19:30:47,959 - INFO - Successfully uploaded Hospital Price Transparency Data/OH/MIAMISBURG/45342/PAM_HEALTH_SPECIALTY_HOSPITAL_OF_DAYTON/842771356_specialty-hospital-of-dayton_standardcharges.json
2024-03-07 19:30:48,732 - INFO - Successfully uploaded Hospital Price Transparency Data/OH/DELAWARE/43015/GRADY_MEMORIAL_HOSPITAL/31-4379436_grady_standardcharges.json
2024-03-07 19:30:48,767 - INFO - Successfully uploaded Hospital Price Transparency Data/OH/MIDDLEBURG HEIGHTS/44130/SOUTHWEST_GENERAL_HEALTH_CENTER/340753531_Southwest-General-Hospital_standardcharges.json
2024-03-07 19:30:48,987 - INFO - Successfully uploaded Hospital Price Transparency Data/OH/VAN WERT/45891/VAN_WERT_HOSPITAL/344429514_vanwert_standardcharges.json
2024-03-07 19:30:49,621 - INFO - Successfully uploaded Hospital Price Transparency Data/OH/ASHLAND/44805/UH_SAMARITAN_MEDICAL_CENTER/340714535_uh-samaritan-medical-center_standardcharges.json
2024-03-07 19:30:49,725 - INFO - Successfully uploaded Hospital Price Transparency Data/OH/CANTON/44710/AULTMAN_HOSPITAL/1356366991_aultman-hospital_standardcharges.json
2024-03-07 19:30:49,842 - INFO - Successfully uploaded Hospital Price Transparency Data/OH/DAYTON/45409/MIAMI_VALLEY_HOSPITAL/31-0537504_Miami-Valley-Hospital_StandardCharges.json
2024-03-07 19:30:49,889 - INFO - Successfully uploaded Hospital Price Transparency Data/OH/DAYTON/45439/KETTERING_HEALTH_BEHAVIORAL_MEDICAL_CENTER/310564121_kettering-health-dayton_standardcharges.json
2024-03-07 19:30:49,935 - INFO - Successfully uploaded Hospital Price Transparency Data/OH/DAYTON/45459/KETTERING_HEALTH_WASHINGTON_TOWNSHIP/310564121_kettering-health-dayton_standardcharges.json
2024-03-07 19:30:49,982 - INFO - Successfully uploaded Hospital Price Transparency Data/OH/DAYTON/45405/KETTERING_HEALTH_DAYTON/310564121_kettering-health-dayton_standardcharges.json
2024-03-07 19:30:50,016 - INFO - Successfully uploaded Hospital Price Transparency Data/OH/DAYTON/45417/KINDRED_HOSPITAL_DAYTON/522085555_kindred-hospitals-dayton_standardcharges.json
2024-03-07 19:30:51,449 - INFO - Successfully uploaded Hospital Price Transparency Data/OH/MOUNT VERNON/43050/KNOX_COMMUNITY_HOSPITAL/310929576_knox-community-hospital_standardcharges.json
2024-03-07 19:30:51,510 - INFO - Successfully uploaded Hospital Price Transparency Data/OH/BEAVERCREEK/45431/SOIN_MEDICAL_CENTER/270712680_soin-medical-center_standardcharges.json
2024-03-07 19:30:51,713 - INFO - Successfully uploaded Hospital Price Transparency Data/OH/SIDNEY/45365/WILSON_MEMORIAL_HOSPITAL/ChargeMaster010424.json
2024-03-07 19:30:51,822 - INFO - Successfully uploaded Hospital Price Transparency Data/OH/BARBERTON/44203/SUMMA_HEALTH_SYSTEM_-_BARBERTON_CAMPUS/261375072_summa-health-system_standardcharges.json
2024-03-07 19:30:51,859 - INFO - Successfully uploaded Hospital Price Transparency Data/OH/BRYAN/43506/PARKVIEW_BRYAN_HOSPITAL/341048666_parkview-bryan-hospital_standardcharges.json
2024-03-07 19:30:52,293 - INFO - Successfully uploaded Hospital Price Transparency Data/OH/GENEVA/44041/UH_GENEVA_MEDICAL_CENTER/340714461_uh-geneva-medical-center_standardcharges.json
2024-03-07 19:30:53,245 - INFO - Successfully uploaded Hospital Price Transparency Data/OH/PARMA/44129/UH_PARMA_MEDICAL_CENTER/340827442_uh-parma-medical-center_standardcharges.json
2024-03-07 19:30:53,310 - INFO - Successfully uploaded Hospital Price Transparency Data/OH/WEST CHESTER/45069/UC_HEALTH_SURGICAL_CENTER/311588499_West-Chester-Hospital_StandardCharges.json
2024-03-07 19:30:53,369 - INFO - Successfully uploaded Hospital Price Transparency Data/OH/WEST CHESTER/45069/UC_HEALTH_WEST_CHESTER_HOSPITAL/311588499_West-Chester-Hospital_StandardCharges.json
2024-03-07 19:30:53,717 - INFO - Successfully uploaded Hospital Price Transparency Data/OH/FINDLAY/45840/BLANCHARD_VALLEY_HOSPITAL/341369963_Blanchard-Valley-Health-System_Standard-Charges.json
2024-03-07 19:30:53,990 - INFO - Successfully uploaded Hospital Price Transparency Data/OH/CIRCLEVILLE/43113/BERGER_HOSPITAL/38-4105653_berger_standardcharges.json
2024-03-07 19:30:54,051 - INFO - Successfully uploaded Hospital Price Transparency Data/OH/SALEM/44460/SALEM_REGIONAL_MEDICAL_CENTER/341041385_salem-regional-medical-center_standardcharges.json
2024-03-07 19:30:54,863 - INFO - Successfully uploaded Hospital Price Transparency Data/OH/SHELBY/44875/OHIOHEALTH_SHELBY_HOSPITAL/34-0714456-shelby_standardcharges.json
2024-03-07 19:30:54,875 - INFO - Successfully uploaded Hospital Price Transparency Data/OH/WILMINGTON/45177/CLINTON_MEMORIAL_HOSPITAL/273633811_clinton-memorial-hospital_standardcharges.json
2024-03-07 19:30:54,956 - INFO - Successfully uploaded Hospital Price Transparency Data/OH/CINCINNATI/45219/UC_HEALTH_UNIVERSITY_OF_CINCINNATI_MEDICAL_CENTER/311479038_University-of-Cincinnati-Medical-Center_StandardCharges_070123.json
2024-03-07 19:30:55,007 - INFO - Successfully uploaded Hospital Price Transparency Data/OH/CINCINNATI/45219/UC_HEALTH_DRAKE_CENTER/311273012_Drake-Center_StandardCharges_070123.json
2024-03-07 19:31:00,399 - ERROR - Failed to upload Hospital Price Transparency Data/OH/CINCINNATI/45255/MERCY_HOSPITAL_ANDERSON/310537085_Anderson_StandardCharges.json. Error: Unknown error
2024-03-07 19:31:00,682 - INFO - Successfully uploaded Hospital Price Transparency Data/OH/PORTSMOUTH/45662/SOUTHERN_OHIO_MEDICAL_CENTER/310678022_southern-ohio-medical-center_standardcharges.json
2024-03-07 19:31:00,839 - INFO - Successfully uploaded Hospital Price Transparency Data/OH/PORTSMOUTH/45662/KINGS_DAUGHTERS_MEDICAL_CENTER_OHIO/453215312_king's-daughters-medical-center-ohio_standardcharges.json
2024-03-07 19:31:01,411 - INFO - Successfully uploaded Hospital Price Transparency Data/OH/WASHINGTON COURT HOUSE/43160/ADENA_FAYETTE_MEDICAL_CENTER/85-2985806_adena-fayette-medical-center_standardcharges.json
2024-03-07 19:31:02,321 - INFO - Successfully uploaded Hospital Price Transparency Data/OH/ELYRIA/44035/UH_ELYRIA_MEDICAL_CENTER/340714612_uh-elyria-medical-center_standardcharges.json
2024-03-07 19:31:02,562 - INFO - Successfully uploaded Hospital Price Transparency Data/OH/ASHTABULA/44004/ASHTABULA_COUNTY_MEDICAL_CENTER/340726081_ashtabula-county-medical-center_standardcharges.json
2024-03-07 19:31:02,973 - INFO - Successfully uploaded Hospital Price Transparency Data/OH/CONNEAUT/44030/UH_CONNEAUT_MEDICAL_CENTER/340714550_uh-conneaut-medical-center_standardcharges.json
2024-03-07 19:31:03,029 - INFO - Successfully uploaded Hospital Price Transparency Data/OH/KETTERING/45429/KETTERING_HEALTH_MAIN_CAMPUS/310621866_kettering-health-main-campus_standardcharges.json
2024-03-07 19:31:03,753 - INFO - Successfully uploaded Hospital Price Transparency Data/OH/BEACHWOOD/44122/UH_AHUJA_MEDICAL_CENTER/264827222_uh-ahuja-medical-center_standardcharges.json
2024-03-07 19:31:05,531 - INFO - Successfully uploaded Hospital Price Transparency Data/OH/GROVE CITY/43123/OHIOHEALTH_GROVE_CITY_METHODIST_HOSPITAL/31-4394942_grove-city_standardcharges.json
2024-03-07 19:31:06,250 - INFO - Successfully uploaded Hospital Price Transparency Data/OH/WAVERLY/45690/ADENA_PIKE_MEDICAL_CENTER/31-1072406_adena-pike-medical-center_standardcharges.json
2024-03-07 19:31:07,142 - INFO - Successfully uploaded Hospital Price Transparency Data/OH/KENTON/43326/HARDIN_MEMORIAL_HOSPITAL/31-4440479-hardin_standardcharges.json
2024-03-07 19:31:11,794 - ERROR - Failed to upload Hospital Price Transparency Data/OH/CLEVELAND/44106/UH_CLEVELAND_MEDICAL_CENTER/341567805_uh-cleveland-medical-center,-uh-seidman-cancer-center,-uh-rainbow-babies-&-children's-hospital_standardcharges.json. Error: Unknown error
2024-03-07 19:31:15,940 - ERROR - Failed to upload Hospital Price Transparency Data/OH/CLEVELAND/44106/UH_RAINBOW_BABIES_&_CHILDREN'S_HOSPITAL/341567805_uh-cleveland-medical-center,-uh-seidman-cancer-center,-uh-rainbow-babies-&-children's-hospital_standardcharges.json. Error: Unknown error
2024-03-07 19:31:16,001 - INFO - Successfully uploaded Hospital Price Transparency Data/OH/XENIA/45385/KETTERING_HEALTH_GREENE_MEMORIAL/310809436_kettering-health-greene-memorial_standardcharges.json
2024-03-07 19:31:16,726 - INFO - Successfully uploaded Hospital Price Transparency Data/OH/GREENFIELD/45123/ADENA_GREENFIELD_MEDICAL_CENTER/31-0993422_adena-greenfield-medical-center_standardcharges.json
2024-03-07 19:31:16,843 - INFO - Successfully uploaded Hospital Price Transparency Data/OH/AKRON/44310/SUMMA_HEALTH_SYSTEM_-_ST._THOMAS_CAMPUS/261375072_summa-health-system_standardcharges.json
2024-03-07 19:31:16,948 - INFO - Successfully uploaded Hospital Price Transparency Data/OH/AKRON/44304/SUMMA_HEALTH_SYSTEMS_-_AKRON_CAMPUS/261375072_summa-health-system_standardcharges.json
2024-03-07 19:31:17,683 - INFO - Successfully uploaded Hospital Price Transparency Data/OH/RAVENNA/44266/UH_PORTAGE_MEDICAL_CENTER/461382538_uh-portage-medical-center_standardcharges.json
2024-03-07 19:31:17,804 - INFO - Successfully uploaded Hospital Price Transparency Data/OH/MIDDLETOWN/45005/ATRIUM_MEDICAL_CENTER/31-1079309_Atrium-Medical-Center_StandardCharges.json
2024-03-07 19:31:18,514 - INFO - Successfully uploaded Hospital Price Transparency Data/OH/WESTLAKE/44145/UH_ST_JOHN_MEDICAL_CENTER/341260978_uh-st.-john-medical-center_standardcharges.json
2024-03-07 19:31:18,898 - INFO - Successfully uploaded Hospital Price Transparency Data/OH/ATHENS/45701/O'BLENESS_MEMORIAL_HOSPITAL/31-4446959_obleness_standardcharges.json
